2026-07-09T22:52:41.454349Z  INFO herdr::api::server: api server listening path=/Users/jwalinshah/.config/herdr/sessions/fm-prune-safety-e2e-85867/herdr.sock
2026-07-09T22:52:41.454658Z  INFO herdr::app: using pane scrollback configuration pane_scrollback_limit_bytes=10000000
2026-07-09T22:52:41.462194Z  INFO herdr::logging: api request received event="api.request.start" subsystem="api" outcome="started" request_id="cli:workspace:create" method="workspace.create" changes_ui=true
2026-07-09T22:52:41.466937Z  INFO herdr::logging: checking for updates event="update.check.start" subsystem="update" outcome="started"
2026-07-09T22:52:41.471659Z  INFO herdr::server::headless: client protocol socket listening path=/Users/jwalinshah/.config/herdr/sessions/fm-prune-safety-e2e-85867/herdr-client.sock
2026-07-09T22:52:41.471685Z  INFO herdr::server::headless: herdr server started api_socket=/Users/jwalinshah/.config/herdr/sessions/fm-prune-safety-e2e-85867/herdr.sock client_socket=/Users/jwalinshah/.config/herdr/sessions/fm-prune-safety-e2e-85867/herdr-client.sock
2026-07-09T22:52:41.471701Z  INFO herdr::logging: herdr starting event="app.startup" subsystem="server" outcome="started" pid=85911
2026-07-09T22:52:41.471823Z  INFO herdr::logging: spawning pane terminal event="pane.spawn.start" subsystem="pane" outcome="started" pane_id=1 rows=24 cols=80 scrollback_limit_bytes=10000000
2026-07-09T22:52:41.474510Z  INFO herdr::logging: pane child spawned event="pane.spawned" subsystem="pane" outcome="ok" pane_id=1 pid=85985
2026-07-09T22:52:41.474672Z  INFO herdr::logging: workspace created event="workspace.create" subsystem="workspace" outcome="ok" workspace_id="w1" pane_id=1
2026-07-09T22:52:41.474681Z  INFO herdr::logging: workspace focused event="workspace.focus" subsystem="workspace" outcome="ok" workspace_id="w1"
2026-07-09T22:52:41.474691Z  INFO herdr::logging: tab focused event="tab.focus" subsystem="tab" outcome="ok" workspace_id="w1" tab_id="w1:t1"
2026-07-09T22:52:41.475077Z  INFO herdr::logging: api request completed event="api.request.complete" subsystem="api" outcome="ok" request_id="cli:workspace:create" method="workspace.create"
2026-07-09T22:52:43.605821Z  INFO herdr::logging: api request received event="api.request.start" subsystem="api" outcome="started" request_id="cli:tab:create" method="tab.create" changes_ui=true
2026-07-09T22:52:43.605916Z  INFO herdr::logging: spawning pane terminal event="pane.spawn.start" subsystem="pane" outcome="started" pane_id=2 rows=23 cols=54 scrollback_limit_bytes=10000000
2026-07-09T22:52:43.608189Z  INFO herdr::logging: pane child spawned event="pane.spawned" subsystem="pane" outcome="ok" pane_id=2 pid=86995
2026-07-09T22:52:43.608288Z  INFO herdr::logging: tab renamed event="tab.rename" subsystem="tab" outcome="ok" workspace_id="w1" tab_id="w1:t2"
2026-07-09T22:52:43.608608Z  INFO herdr::logging: api request completed event="api.request.complete" subsystem="api" outcome="ok" request_id="cli:tab:create" method="tab.create"
2026-07-09T22:52:45.701968Z  INFO herdr::logging: api request received event="api.request.start" subsystem="api" outcome="started" request_id="cli:pane:close" method="pane.close" changes_ui=true
2026-07-09T22:52:45.702693Z  INFO herdr::logging: pane child exited event="pane.exit" subsystem="pane" outcome="completed" pane_id=2 status="ExitStatus { code: 1, signal: None }"
2026-07-09T22:52:45.746854Z  INFO herdr::pane: pane session terminated pane=2 pid=86995 signal=Hangup
2026-07-09T22:52:45.747024Z  WARN herdr::app::actions: PaneDied for unknown pane pane=2
2026-07-09T22:52:45.747044Z  INFO herdr::logging: api request completed event="api.request.complete" subsystem="api" outcome="ok" request_id="cli:pane:close" method="pane.close"
2026-07-09T22:52:45.766604Z  INFO herdr::logging: api request received event="api.request.start" subsystem="api" outcome="started" request_id="cli:pane:close" method="pane.close" changes_ui=true
2026-07-09T22:52:45.766701Z  INFO herdr::logging: workspace closed event="workspace.close" subsystem="workspace" outcome="ok" workspace_id="w1"
2026-07-09T22:52:45.767519Z  INFO herdr::logging: pane child exited event="pane.exit" subsystem="pane" outcome="completed" pane_id=1 status="ExitStatus { code: 1, signal: None }"
2026-07-09T22:52:45.790713Z  INFO herdr::pane: pane session terminated pane=1 pid=85985 signal=Hangup
2026-07-09T22:52:45.790797Z  WARN herdr::app::actions: PaneDied for unknown pane pane=1
2026-07-09T22:52:45.790828Z  INFO herdr::logging: api request completed event="api.request.complete" subsystem="api" outcome="ok" request_id="cli:pane:close" method="pane.close"
2026-07-09T22:52:45.824357Z  INFO herdr::logging: api request received event="api.request.start" subsystem="api" outcome="started" request_id="cli:workspace:create" method="workspace.create" changes_ui=true
2026-07-09T22:52:45.824451Z  INFO herdr::logging: spawning pane terminal event="pane.spawn.start" subsystem="pane" outcome="started" pane_id=3 rows=24 cols=80 scrollback_limit_bytes=10000000
2026-07-09T22:52:45.826633Z  INFO herdr::logging: pane child spawned event="pane.spawned" subsystem="pane" outcome="ok" pane_id=3 pid=87837
2026-07-09T22:52:45.826768Z  INFO herdr::logging: workspace created event="workspace.create" subsystem="workspace" outcome="ok" workspace_id="w2" pane_id=3
2026-07-09T22:52:45.826774Z  INFO herdr::logging: workspace focused event="workspace.focus" subsystem="workspace" outcome="ok" workspace_id="w2"
2026-07-09T22:52:45.826779Z  INFO herdr::logging: tab focused event="tab.focus" subsystem="tab" outcome="ok" workspace_id="w2" tab_id="w2:t1"
2026-07-09T22:52:45.826784Z  INFO herdr::logging: workspace renamed event="workspace.rename" subsystem="workspace" outcome="ok" workspace_id="w2"
2026-07-09T22:52:45.827023Z  INFO herdr::logging: api request completed event="api.request.complete" subsystem="api" outcome="ok" request_id="cli:workspace:create" method="workspace.create"
2026-07-09T22:52:45.847981Z  INFO herdr::logging: api request received event="api.request.start" subsystem="api" outcome="started" request_id="cli:tab:create" method="tab.create" changes_ui=true
2026-07-09T22:52:45.848069Z  INFO herdr::logging: spawning pane terminal event="pane.spawn.start" subsystem="pane" outcome="started" pane_id=4 rows=23 cols=54 scrollback_limit_bytes=10000000
2026-07-09T22:52:45.850194Z  INFO herdr::logging: pane child spawned event="pane.spawned" subsystem="pane" outcome="ok" pane_id=4 pid=87887
2026-07-09T22:52:45.850286Z  INFO herdr::logging: tab renamed event="tab.rename" subsystem="tab" outcome="ok" workspace_id="w2" tab_id="w2:t2"
2026-07-09T22:52:45.850620Z  INFO herdr::logging: api request completed event="api.request.complete" subsystem="api" outcome="ok" request_id="cli:tab:create" method="tab.create"
2026-07-09T22:52:45.881851Z  INFO herdr::logging: api request completed event="api.request.complete" subsystem="api" outcome="error" request_id="cli:agent:get" method="agent.get"
2026-07-09T22:52:45.888854Z  INFO herdr::logging: api request received event="api.request.start" subsystem="api" outcome="started" request_id="cli:pane:close" method="pane.close" changes_ui=true
2026-07-09T22:52:45.889474Z  INFO herdr::logging: pane child exited event="pane.exit" subsystem="pane" outcome="completed" pane_id=3 status="ExitStatus { code: 1, signal: None }"
2026-07-09T22:52:45.941747Z  INFO herdr::pane: pane session terminated pane=3 pid=87837 signal=Hangup
2026-07-09T22:52:45.941889Z  WARN herdr::app::actions: PaneDied for unknown pane pane=3
2026-07-09T22:52:45.941900Z  INFO herdr::logging: api request completed event="api.request.complete" subsystem="api" outcome="ok" request_id="cli:pane:close" method="pane.close"
2026-07-09T22:52:45.963362Z  INFO herdr::logging: api request received event="api.request.start" subsystem="api" outcome="started" request_id="cli:pane:close" method="pane.close" changes_ui=true
2026-07-09T22:52:45.963410Z  INFO herdr::logging: workspace closed event="workspace.close" subsystem="workspace" outcome="ok" workspace_id="w2"
2026-07-09T22:52:45.963861Z  INFO herdr::logging: pane child exited event="pane.exit" subsystem="pane" outcome="completed" pane_id=4 status="ExitStatus { code: 1, signal: None }"
2026-07-09T22:52:46.058500Z  INFO herdr::pane: pane session terminated pane=4 pid=87887 signal=Hangup
2026-07-09T22:52:46.058584Z  WARN herdr::app::actions: PaneDied for unknown pane pane=4
2026-07-09T22:52:46.058597Z  INFO herdr::logging: api request completed event="api.request.complete" subsystem="api" outcome="ok" request_id="cli:pane:close" method="pane.close"
2026-07-09T22:52:46.071460Z  INFO herdr::server::headless: server shutdown initiated
2026-07-09T22:52:46.191951Z  INFO herdr::server::headless: completing server shutdown
2026-07-09T22:52:46.192035Z  INFO herdr::logging: session cleared event="persist.clear" subsystem="persist" outcome="ok" path=/Users/jwalinshah/.config/herdr/sessions/fm-prune-safety-e2e-85867/session.json
2026-07-09T22:52:46.192040Z  INFO herdr::server::headless: headless server exiting
2026-07-09T22:52:46.192371Z  INFO herdr::logging: herdr exiting event="app.shutdown" subsystem="server" outcome="completed" pid=85911
