2026-07-09T20:27:37.318764Z  INFO herdr::api::server: api server listening path=/Users/jwalinshah/.config/herdr/sessions/myses/herdr.sock
2026-07-09T20:27:37.319090Z  INFO herdr::app: using pane scrollback configuration pane_scrollback_limit_bytes=10000000
2026-07-09T20:27:37.327780Z  INFO herdr::logging: api request received event="api.request.start" subsystem="api" outcome="started" request_id="cli:pane:close" method="pane.close" changes_ui=true
2026-07-09T20:27:37.334105Z  INFO herdr::logging: checking for updates event="update.check.start" subsystem="update" outcome="started"
2026-07-09T20:27:37.338435Z  INFO herdr::server::headless: client protocol socket listening path=/Users/jwalinshah/.config/herdr/sessions/myses/herdr-client.sock
2026-07-09T20:27:37.338465Z  INFO herdr::server::headless: herdr server started api_socket=/Users/jwalinshah/.config/herdr/sessions/myses/herdr.sock client_socket=/Users/jwalinshah/.config/herdr/sessions/myses/herdr-client.sock
2026-07-09T20:27:37.338490Z  INFO herdr::logging: herdr starting event="app.startup" subsystem="server" outcome="started" pid=47539
2026-07-09T20:27:37.338613Z  INFO herdr::logging: api request completed event="api.request.complete" subsystem="api" outcome="error" request_id="cli:pane:close" method="pane.close"
2026-07-09T22:07:30.775343Z  INFO herdr::api::server: api server listening path=/Users/jwalinshah/.config/herdr/sessions/myses/herdr.sock
2026-07-09T22:07:30.777734Z  INFO herdr::app: using pane scrollback configuration pane_scrollback_limit_bytes=10000000
2026-07-09T22:07:30.782920Z  INFO herdr::logging: api request received event="api.request.start" subsystem="api" outcome="started" request_id="cli:pane:close" method="pane.close" changes_ui=true
2026-07-09T22:07:30.788945Z  INFO herdr::logging: checking for updates event="update.check.start" subsystem="update" outcome="started"
2026-07-09T22:07:30.794098Z  INFO herdr::server::headless: client protocol socket listening path=/Users/jwalinshah/.config/herdr/sessions/myses/herdr-client.sock
2026-07-09T22:07:30.794120Z  INFO herdr::server::headless: herdr server started api_socket=/Users/jwalinshah/.config/herdr/sessions/myses/herdr.sock client_socket=/Users/jwalinshah/.config/herdr/sessions/myses/herdr-client.sock
2026-07-09T22:07:30.794137Z  INFO herdr::logging: herdr starting event="app.startup" subsystem="server" outcome="started" pid=34746
2026-07-09T22:07:30.794209Z  INFO herdr::logging: api request completed event="api.request.complete" subsystem="api" outcome="error" request_id="cli:pane:close" method="pane.close"
2026-07-09T22:16:14.113264Z  INFO herdr::logging: api request received event="api.request.start" subsystem="api" outcome="started" request_id="cli:pane:close" method="pane.close" changes_ui=true
2026-07-09T22:16:14.113366Z  INFO herdr::logging: api request completed event="api.request.complete" subsystem="api" outcome="error" request_id="cli:pane:close" method="pane.close"
2026-07-09T22:31:03.870379Z  INFO herdr::logging: api request received event="api.request.start" subsystem="api" outcome="started" request_id="cli:pane:close" method="pane.close" changes_ui=true
2026-07-09T22:31:03.870547Z  INFO herdr::logging: api request completed event="api.request.complete" subsystem="api" outcome="error" request_id="cli:pane:close" method="pane.close"
