2026-07-10T05:28:51.895052Z  INFO herdr::platform::macos: raised server file descriptor soft limit previous=256 target=8192
2026-07-10T05:28:51.895532Z  INFO herdr::api::server: api server listening path=/Users/jwalinshah/.config/herdr/sessions/fm-backend-smoke-40713/herdr.sock
2026-07-10T05:28:51.895864Z  INFO herdr::app: using pane scrollback configuration pane_scrollback_limit_bytes=10000000
2026-07-10T05:28:51.912431Z  INFO herdr::logging: checking for updates event="update.check.start" subsystem="update" outcome="started"
2026-07-10T05:28:51.917323Z  INFO herdr::server::headless: client protocol socket listening path=/Users/jwalinshah/.config/herdr/sessions/fm-backend-smoke-40713/herdr-client.sock
2026-07-10T05:28:51.917347Z  INFO herdr::server::headless: herdr server started api_socket=/Users/jwalinshah/.config/herdr/sessions/fm-backend-smoke-40713/herdr.sock client_socket=/Users/jwalinshah/.config/herdr/sessions/fm-backend-smoke-40713/herdr-client.sock
2026-07-10T05:28:51.917367Z  INFO herdr::logging: herdr starting event="app.startup" subsystem="server" outcome="started" pid=40841
2026-07-10T05:28:51.930888Z  INFO herdr::logging: api request received event="api.request.start" subsystem="api" outcome="started" request_id="cli:workspace:create" method="workspace.create" changes_ui=true
2026-07-10T05:28:51.930991Z  INFO herdr::logging: spawning pane terminal event="pane.spawn.start" subsystem="pane" outcome="started" pane_id=1 rows=24 cols=80 scrollback_limit_bytes=10000000
2026-07-10T05:28:51.933765Z  INFO herdr::logging: pane child spawned event="pane.spawned" subsystem="pane" outcome="ok" pane_id=1 pid=40967
2026-07-10T05:28:51.933978Z  INFO herdr::logging: workspace created event="workspace.create" subsystem="workspace" outcome="ok" workspace_id="w1" pane_id=1
2026-07-10T05:28:51.933993Z  INFO herdr::logging: workspace focused event="workspace.focus" subsystem="workspace" outcome="ok" workspace_id="w1"
2026-07-10T05:28:51.934008Z  INFO herdr::logging: tab focused event="tab.focus" subsystem="tab" outcome="ok" workspace_id="w1" tab_id="w1:t1"
2026-07-10T05:28:51.934017Z  INFO herdr::logging: workspace renamed event="workspace.rename" subsystem="workspace" outcome="ok" workspace_id="w1"
2026-07-10T05:28:51.934430Z  INFO herdr::logging: api request completed event="api.request.complete" subsystem="api" outcome="ok" request_id="cli:workspace:create" method="workspace.create"
2026-07-10T05:28:52.013417Z  INFO herdr::logging: api request received event="api.request.start" subsystem="api" outcome="started" request_id="cli:tab:create" method="tab.create" changes_ui=true
2026-07-10T05:28:52.013538Z  INFO herdr::logging: spawning pane terminal event="pane.spawn.start" subsystem="pane" outcome="started" pane_id=2 rows=23 cols=54 scrollback_limit_bytes=10000000
2026-07-10T05:28:52.016046Z  INFO herdr::logging: pane child spawned event="pane.spawned" subsystem="pane" outcome="ok" pane_id=2 pid=41132
2026-07-10T05:28:52.016186Z  INFO herdr::logging: tab renamed event="tab.rename" subsystem="tab" outcome="ok" workspace_id="w1" tab_id="w1:t2"
2026-07-10T05:28:52.016693Z  INFO herdr::logging: api request completed event="api.request.complete" subsystem="api" outcome="ok" request_id="cli:tab:create" method="tab.create"
2026-07-10T05:28:52.067560Z  INFO herdr::logging: api request completed event="api.request.complete" subsystem="api" outcome="error" request_id="cli:agent:get" method="agent.get"
2026-07-10T05:28:52.080993Z  INFO herdr::logging: api request received event="api.request.start" subsystem="api" outcome="started" request_id="cli:pane:close" method="pane.close" changes_ui=true
2026-07-10T05:28:52.081880Z  INFO herdr::logging: pane child exited event="pane.exit" subsystem="pane" outcome="completed" pane_id=1 status="ExitStatus { code: 1, signal: None }"
2026-07-10T05:28:52.153858Z  INFO herdr::pane: pane session terminated pane=1 pid=40967 signal=Hangup
2026-07-10T05:28:52.154001Z  WARN herdr::app::actions: PaneDied for unknown pane pane=1
2026-07-10T05:28:52.154008Z  INFO herdr::logging: api request completed event="api.request.complete" subsystem="api" outcome="ok" request_id="cli:pane:close" method="pane.close"
2026-07-10T05:28:52.196170Z  INFO herdr::logging: api request received event="api.request.start" subsystem="api" outcome="started" request_id="cli:tab:create" method="tab.create" changes_ui=true
2026-07-10T05:28:52.196267Z  INFO herdr::logging: spawning pane terminal event="pane.spawn.start" subsystem="pane" outcome="started" pane_id=3 rows=23 cols=54 scrollback_limit_bytes=10000000
2026-07-10T05:28:52.199176Z  INFO herdr::logging: pane child spawned event="pane.spawned" subsystem="pane" outcome="ok" pane_id=3 pid=41310
2026-07-10T05:28:52.199301Z  INFO herdr::logging: tab renamed event="tab.rename" subsystem="tab" outcome="ok" workspace_id="w1" tab_id="w1:t3"
2026-07-10T05:28:52.199890Z  INFO herdr::logging: api request completed event="api.request.complete" subsystem="api" outcome="ok" request_id="cli:tab:create" method="tab.create"
2026-07-10T05:28:52.313426Z  INFO herdr::logging: api request received event="api.request.start" subsystem="api" outcome="started" request_id="cli:pane:close" method="pane.close" changes_ui=true
2026-07-10T05:28:52.314636Z  INFO herdr::logging: pane child exited event="pane.exit" subsystem="pane" outcome="completed" pane_id=3 status="ExitStatus { code: 1, signal: None }"
2026-07-10T05:28:52.363936Z  INFO herdr::pane: pane session terminated pane=3 pid=41310 signal=Hangup
2026-07-10T05:28:52.364031Z  WARN herdr::app::actions: PaneDied for unknown pane pane=3
2026-07-10T05:28:52.364085Z  INFO herdr::logging: api request completed event="api.request.complete" subsystem="api" outcome="ok" request_id="cli:pane:close" method="pane.close"
2026-07-10T05:28:52.386508Z  INFO herdr::logging: api request received event="api.request.start" subsystem="api" outcome="started" request_id="cli:tab:create" method="tab.create" changes_ui=true
2026-07-10T05:28:52.386648Z  INFO herdr::logging: spawning pane terminal event="pane.spawn.start" subsystem="pane" outcome="started" pane_id=4 rows=23 cols=54 scrollback_limit_bytes=10000000
2026-07-10T05:28:52.389187Z  INFO herdr::logging: pane child spawned event="pane.spawned" subsystem="pane" outcome="ok" pane_id=4 pid=41541
2026-07-10T05:28:52.389320Z  INFO herdr::logging: tab renamed event="tab.rename" subsystem="tab" outcome="ok" workspace_id="w1" tab_id="w1:t4"
2026-07-10T05:28:52.389814Z  INFO herdr::logging: api request completed event="api.request.complete" subsystem="api" outcome="ok" request_id="cli:tab:create" method="tab.create"
2026-07-10T05:28:52.410730Z  INFO herdr::logging: api request completed event="api.request.complete" subsystem="api" outcome="error" request_id="cli:agent:get" method="agent.get"
2026-07-10T05:28:52.465756Z  INFO herdr::logging: api request completed event="api.request.complete" subsystem="api" outcome="error" request_id="cli:agent:get" method="agent.get"
2026-07-10T05:28:52.479579Z  INFO herdr::logging: api request received event="api.request.start" subsystem="api" outcome="started" request_id="cli:tab:create" method="tab.create" changes_ui=true
2026-07-10T05:28:52.479684Z  INFO herdr::logging: spawning pane terminal event="pane.spawn.start" subsystem="pane" outcome="started" pane_id=5 rows=23 cols=54 scrollback_limit_bytes=10000000
2026-07-10T05:28:52.482400Z  INFO herdr::logging: pane child spawned event="pane.spawned" subsystem="pane" outcome="ok" pane_id=5 pid=41628
2026-07-10T05:28:52.482592Z  INFO herdr::logging: tab renamed event="tab.rename" subsystem="tab" outcome="ok" workspace_id="w1" tab_id="w1:t5"
2026-07-10T05:28:52.482995Z  INFO herdr::logging: api request completed event="api.request.complete" subsystem="api" outcome="ok" request_id="cli:tab:create" method="tab.create"
2026-07-10T05:28:52.500562Z  INFO herdr::logging: api request received event="api.request.start" subsystem="api" outcome="started" request_id="cli:tab:close" method="tab.close" changes_ui=true
2026-07-10T05:28:52.501394Z  INFO herdr::logging: pane child exited event="pane.exit" subsystem="pane" outcome="completed" pane_id=4 status="ExitStatus { code: 1, signal: None }"
2026-07-10T05:28:52.562487Z  INFO herdr::pane: pane session terminated pane=4 pid=41541 signal=Hangup
2026-07-10T05:28:52.562565Z  WARN herdr::app::actions: PaneDied for unknown pane pane=4
2026-07-10T05:28:52.562654Z  INFO herdr::logging: api request completed event="api.request.complete" subsystem="api" outcome="ok" request_id="cli:tab:close" method="tab.close"
2026-07-10T05:28:52.588749Z  INFO herdr::logging: api request completed event="api.request.complete" subsystem="api" outcome="error" request_id="cli:pane:get" method="pane.get"
2026-07-10T05:28:52.627213Z  INFO herdr::logging: api request received event="api.request.start" subsystem="api" outcome="started" request_id="cli:pane:close" method="pane.close" changes_ui=true
2026-07-10T05:28:52.628066Z  INFO herdr::logging: pane child exited event="pane.exit" subsystem="pane" outcome="completed" pane_id=5 status="ExitStatus { code: 1, signal: None }"
2026-07-10T05:28:52.653944Z  INFO herdr::pane: pane session terminated pane=5 pid=41628 signal=Hangup
2026-07-10T05:28:52.654050Z  WARN herdr::app::actions: PaneDied for unknown pane pane=5
2026-07-10T05:28:52.654066Z  INFO herdr::logging: api request completed event="api.request.complete" subsystem="api" outcome="ok" request_id="cli:pane:close" method="pane.close"
2026-07-10T05:28:52.736487Z  INFO herdr::logging: api request received event="api.request.start" subsystem="api" outcome="started" request_id="cli:workspace:create" method="workspace.create" changes_ui=true
2026-07-10T05:28:52.736590Z  INFO herdr::logging: spawning pane terminal event="pane.spawn.start" subsystem="pane" outcome="started" pane_id=6 rows=23 cols=54 scrollback_limit_bytes=10000000
2026-07-10T05:28:52.740227Z  INFO herdr::logging: pane child spawned event="pane.spawned" subsystem="pane" outcome="ok" pane_id=6 pid=41843
2026-07-10T05:28:52.740534Z  INFO herdr::logging: workspace created event="workspace.create" subsystem="workspace" outcome="ok" workspace_id="w2" pane_id=6
2026-07-10T05:28:52.740554Z  INFO herdr::logging: workspace renamed event="workspace.rename" subsystem="workspace" outcome="ok" workspace_id="w2"
2026-07-10T05:28:52.741081Z  INFO herdr::logging: api request completed event="api.request.complete" subsystem="api" outcome="ok" request_id="cli:workspace:create" method="workspace.create"
2026-07-10T05:28:52.791052Z  INFO herdr::logging: api request received event="api.request.start" subsystem="api" outcome="started" request_id="cli:tab:create" method="tab.create" changes_ui=true
2026-07-10T05:28:52.791156Z  INFO herdr::logging: spawning pane terminal event="pane.spawn.start" subsystem="pane" outcome="started" pane_id=7 rows=23 cols=54 scrollback_limit_bytes=10000000
2026-07-10T05:28:52.794841Z  INFO herdr::logging: pane child spawned event="pane.spawned" subsystem="pane" outcome="ok" pane_id=7 pid=41882
2026-07-10T05:28:52.794952Z  INFO herdr::logging: tab renamed event="tab.rename" subsystem="tab" outcome="ok" workspace_id="w2" tab_id="w2:t2"
2026-07-10T05:28:52.795459Z  INFO herdr::logging: api request completed event="api.request.complete" subsystem="api" outcome="ok" request_id="cli:tab:create" method="tab.create"
2026-07-10T05:28:52.860218Z  INFO herdr::logging: api request completed event="api.request.complete" subsystem="api" outcome="error" request_id="cli:agent:get" method="agent.get"
2026-07-10T05:28:52.876044Z  INFO herdr::logging: api request received event="api.request.start" subsystem="api" outcome="started" request_id="cli:pane:close" method="pane.close" changes_ui=true
2026-07-10T05:28:52.877078Z  INFO herdr::logging: pane child exited event="pane.exit" subsystem="pane" outcome="completed" pane_id=6 status="ExitStatus { code: 1, signal: None }"
2026-07-10T05:28:52.963080Z  INFO herdr::pane: pane session terminated pane=6 pid=41843 signal=Hangup
2026-07-10T05:28:52.963148Z  WARN herdr::app::actions: PaneDied for unknown pane pane=6
2026-07-10T05:28:52.963163Z  INFO herdr::logging: api request completed event="api.request.complete" subsystem="api" outcome="ok" request_id="cli:pane:close" method="pane.close"
