2026-07-10T05:24:35.120090Z  INFO herdr::api::server: api server listening path=/Users/jwalinshah/.config/herdr/sessions/fm-autodetect-smoke-74285/herdr.sock
2026-07-10T05:24:35.120417Z  INFO herdr::app: using pane scrollback configuration pane_scrollback_limit_bytes=10000000
2026-07-10T05:24:35.136934Z  INFO herdr::logging: checking for updates event="update.check.start" subsystem="update" outcome="started"
2026-07-10T05:24:35.141389Z  INFO herdr::server::headless: client protocol socket listening path=/Users/jwalinshah/.config/herdr/sessions/fm-autodetect-smoke-74285/herdr-client.sock
2026-07-10T05:24:35.141418Z  INFO herdr::server::headless: herdr server started api_socket=/Users/jwalinshah/.config/herdr/sessions/fm-autodetect-smoke-74285/herdr.sock client_socket=/Users/jwalinshah/.config/herdr/sessions/fm-autodetect-smoke-74285/herdr-client.sock
2026-07-10T05:24:35.141437Z  INFO herdr::logging: herdr starting event="app.startup" subsystem="server" outcome="started" pid=74460
2026-07-10T05:24:35.152290Z  INFO herdr::logging: api request received event="api.request.start" subsystem="api" outcome="started" request_id="cli:workspace:create" method="workspace.create" changes_ui=true
2026-07-10T05:24:35.152402Z  INFO herdr::logging: spawning pane terminal event="pane.spawn.start" subsystem="pane" outcome="started" pane_id=1 rows=24 cols=80 scrollback_limit_bytes=10000000
2026-07-10T05:24:35.154903Z  INFO herdr::logging: pane child spawned event="pane.spawned" subsystem="pane" outcome="ok" pane_id=1 pid=74554
2026-07-10T05:24:35.155044Z  INFO herdr::logging: workspace created event="workspace.create" subsystem="workspace" outcome="ok" workspace_id="w1" pane_id=1
2026-07-10T05:24:35.155051Z  INFO herdr::logging: workspace focused event="workspace.focus" subsystem="workspace" outcome="ok" workspace_id="w1"
2026-07-10T05:24:35.155059Z  INFO herdr::logging: tab focused event="tab.focus" subsystem="tab" outcome="ok" workspace_id="w1" tab_id="w1:t1"
2026-07-10T05:24:35.155063Z  INFO herdr::logging: workspace renamed event="workspace.rename" subsystem="workspace" outcome="ok" workspace_id="w1"
2026-07-10T05:24:35.155452Z  INFO herdr::logging: api request completed event="api.request.complete" subsystem="api" outcome="ok" request_id="cli:workspace:create" method="workspace.create"
2026-07-10T05:24:35.185742Z  INFO herdr::logging: api request received event="api.request.start" subsystem="api" outcome="started" request_id="cli:tab:create" method="tab.create" changes_ui=true
2026-07-10T05:24:35.185847Z  INFO herdr::logging: spawning pane terminal event="pane.spawn.start" subsystem="pane" outcome="started" pane_id=2 rows=23 cols=54 scrollback_limit_bytes=10000000
2026-07-10T05:24:35.189380Z  INFO herdr::logging: pane child spawned event="pane.spawned" subsystem="pane" outcome="ok" pane_id=2 pid=74619
2026-07-10T05:24:35.189549Z  INFO herdr::logging: tab renamed event="tab.rename" subsystem="tab" outcome="ok" workspace_id="w1" tab_id="w1:t2"
2026-07-10T05:24:35.189940Z  INFO herdr::logging: api request completed event="api.request.complete" subsystem="api" outcome="ok" request_id="cli:tab:create" method="tab.create"
2026-07-10T05:24:35.236901Z  INFO herdr::logging: api request completed event="api.request.complete" subsystem="api" outcome="error" request_id="cli:agent:get" method="agent.get"
2026-07-10T05:24:35.247853Z  INFO herdr::logging: api request received event="api.request.start" subsystem="api" outcome="started" request_id="cli:pane:close" method="pane.close" changes_ui=true
2026-07-10T05:24:35.249202Z  INFO herdr::logging: pane child exited event="pane.exit" subsystem="pane" outcome="completed" pane_id=1 status="ExitStatus { code: 1, signal: None }"
2026-07-10T05:24:35.268671Z  INFO herdr::pane: pane session terminated pane=1 pid=74554 signal=Hangup
2026-07-10T05:24:35.268764Z  WARN herdr::app::actions: PaneDied for unknown pane pane=1
2026-07-10T05:24:35.268802Z  INFO herdr::logging: api request completed event="api.request.complete" subsystem="api" outcome="ok" request_id="cli:pane:close" method="pane.close"
2026-07-10T05:24:40.272927Z  INFO herdr::logging: session saved event="persist.save" subsystem="persist" outcome="ok" path=/Users/jwalinshah/.config/herdr/sessions/fm-autodetect-smoke-74285/session.json workspaces=1
2026-07-10T05:24:40.275108Z  INFO herdr::logging: api request received event="api.request.start" subsystem="api" outcome="started" request_id="cli:pane:close" method="pane.close" changes_ui=true
2026-07-10T05:24:40.275279Z  INFO herdr::logging: workspace closed event="workspace.close" subsystem="workspace" outcome="ok" workspace_id="w1"
2026-07-10T05:24:40.276541Z  INFO herdr::logging: pane child exited event="pane.exit" subsystem="pane" outcome="completed" pane_id=2 status="ExitStatus { code: 1, signal: None }"
2026-07-10T05:24:40.369489Z  INFO herdr::pane: pane session terminated pane=2 pid=74619 signal=Hangup
2026-07-10T05:24:40.369548Z  WARN herdr::app::actions: PaneDied for unknown pane pane=2
2026-07-10T05:24:40.369560Z  INFO herdr::logging: api request completed event="api.request.complete" subsystem="api" outcome="ok" request_id="cli:pane:close" method="pane.close"
2026-07-10T05:24:40.645005Z  INFO herdr::logging: api request completed event="api.request.complete" subsystem="api" outcome="error" request_id="cli:pane:get" method="pane.get"
2026-07-10T05:24:40.660367Z  INFO herdr::server::headless: server shutdown initiated
2026-07-10T05:24:40.783840Z  INFO herdr::server::headless: completing server shutdown
2026-07-10T05:24:40.784130Z  INFO herdr::logging: session cleared event="persist.clear" subsystem="persist" outcome="ok" path=/Users/jwalinshah/.config/herdr/sessions/fm-autodetect-smoke-74285/session.json
2026-07-10T05:24:40.784137Z  INFO herdr::server::headless: headless server exiting
2026-07-10T05:24:40.784473Z  INFO herdr::logging: herdr exiting event="app.shutdown" subsystem="server" outcome="completed" pid=74460
