2026-07-10T05:19:38.910186Z  INFO herdr::platform::macos: raised server file descriptor soft limit previous=256 target=8192
2026-07-10T05:19:38.910675Z  INFO herdr::api::server: api server listening path=/Users/jwalinshah/.config/herdr/sessions/fm-respawn-idem-e2e-85389/herdr.sock
2026-07-10T05:19:38.911057Z  INFO herdr::app: using pane scrollback configuration pane_scrollback_limit_bytes=10000000
2026-07-10T05:19:38.927502Z  INFO herdr::logging: checking for updates event="update.check.start" subsystem="update" outcome="started"
2026-07-10T05:19:38.931892Z  INFO herdr::server::headless: client protocol socket listening path=/Users/jwalinshah/.config/herdr/sessions/fm-respawn-idem-e2e-85389/herdr-client.sock
2026-07-10T05:19:38.931926Z  INFO herdr::server::headless: herdr server started api_socket=/Users/jwalinshah/.config/herdr/sessions/fm-respawn-idem-e2e-85389/herdr.sock client_socket=/Users/jwalinshah/.config/herdr/sessions/fm-respawn-idem-e2e-85389/herdr-client.sock
2026-07-10T05:19:38.931952Z  INFO herdr::logging: herdr starting event="app.startup" subsystem="server" outcome="started" pid=85533
2026-07-10T05:19:38.943281Z  INFO herdr::logging: api request received event="api.request.start" subsystem="api" outcome="started" request_id="cli:workspace:create" method="workspace.create" changes_ui=true
2026-07-10T05:19:38.943383Z  INFO herdr::logging: spawning pane terminal event="pane.spawn.start" subsystem="pane" outcome="started" pane_id=1 rows=24 cols=80 scrollback_limit_bytes=10000000
2026-07-10T05:19:38.945685Z  INFO herdr::logging: pane child spawned event="pane.spawned" subsystem="pane" outcome="ok" pane_id=1 pid=85656
2026-07-10T05:19:38.945888Z  INFO herdr::logging: workspace created event="workspace.create" subsystem="workspace" outcome="ok" workspace_id="w1" pane_id=1
2026-07-10T05:19:38.945900Z  INFO herdr::logging: workspace focused event="workspace.focus" subsystem="workspace" outcome="ok" workspace_id="w1"
2026-07-10T05:19:38.945909Z  INFO herdr::logging: tab focused event="tab.focus" subsystem="tab" outcome="ok" workspace_id="w1" tab_id="w1:t1"
2026-07-10T05:19:38.945917Z  INFO herdr::logging: workspace renamed event="workspace.rename" subsystem="workspace" outcome="ok" workspace_id="w1"
2026-07-10T05:19:38.946127Z  INFO herdr::logging: api request completed event="api.request.complete" subsystem="api" outcome="ok" request_id="cli:workspace:create" method="workspace.create"
2026-07-10T05:19:38.977617Z  INFO herdr::logging: api request received event="api.request.start" subsystem="api" outcome="started" request_id="cli:tab:create" method="tab.create" changes_ui=true
2026-07-10T05:19:38.977749Z  INFO herdr::logging: spawning pane terminal event="pane.spawn.start" subsystem="pane" outcome="started" pane_id=2 rows=23 cols=54 scrollback_limit_bytes=10000000
2026-07-10T05:19:38.980862Z  INFO herdr::logging: pane child spawned event="pane.spawned" subsystem="pane" outcome="ok" pane_id=2 pid=85713
2026-07-10T05:19:38.980993Z  INFO herdr::logging: tab renamed event="tab.rename" subsystem="tab" outcome="ok" workspace_id="w1" tab_id="w1:t2"
2026-07-10T05:19:38.981411Z  INFO herdr::logging: api request completed event="api.request.complete" subsystem="api" outcome="ok" request_id="cli:tab:create" method="tab.create"
2026-07-10T05:19:39.030740Z  INFO herdr::logging: api request completed event="api.request.complete" subsystem="api" outcome="error" request_id="cli:agent:get" method="agent.get"
2026-07-10T05:19:39.042810Z  INFO herdr::logging: api request received event="api.request.start" subsystem="api" outcome="started" request_id="cli:pane:close" method="pane.close" changes_ui=true
2026-07-10T05:19:39.043492Z  INFO herdr::logging: pane child exited event="pane.exit" subsystem="pane" outcome="completed" pane_id=1 status="ExitStatus { code: 1, signal: None }"
2026-07-10T05:19:39.082009Z  INFO herdr::pane: pane session terminated pane=1 pid=85656 signal=Hangup
2026-07-10T05:19:39.082115Z  WARN herdr::app::actions: PaneDied for unknown pane pane=1
2026-07-10T05:19:39.082128Z  INFO herdr::logging: api request completed event="api.request.complete" subsystem="api" outcome="ok" request_id="cli:pane:close" method="pane.close"
2026-07-10T05:19:39.103999Z  INFO herdr::logging: api request received event="api.request.start" subsystem="api" outcome="started" request_id="cli:tab:create" method="tab.create" changes_ui=true
2026-07-10T05:19:39.104094Z  INFO herdr::logging: spawning pane terminal event="pane.spawn.start" subsystem="pane" outcome="started" pane_id=3 rows=23 cols=54 scrollback_limit_bytes=10000000
2026-07-10T05:19:39.107194Z  INFO herdr::logging: pane child spawned event="pane.spawned" subsystem="pane" outcome="ok" pane_id=3 pid=85952
2026-07-10T05:19:39.107313Z  INFO herdr::logging: tab renamed event="tab.rename" subsystem="tab" outcome="ok" workspace_id="w1" tab_id="w1:t3"
2026-07-10T05:19:39.107604Z  INFO herdr::logging: api request completed event="api.request.complete" subsystem="api" outcome="ok" request_id="cli:tab:create" method="tab.create"
2026-07-10T05:19:39.125873Z  INFO herdr::server::headless: server shutdown initiated
2026-07-10T05:19:39.230057Z  INFO herdr::server::headless: completing server shutdown
2026-07-10T05:19:39.230712Z  INFO herdr::logging: session saved event="persist.save" subsystem="persist" outcome="ok" path=/Users/jwalinshah/.config/herdr/sessions/fm-respawn-idem-e2e-85389/session.json workspaces=1
2026-07-10T05:19:39.230723Z  INFO herdr::server::headless: headless server exiting
2026-07-10T05:19:39.232780Z  INFO herdr::logging: pane child exited event="pane.exit" subsystem="pane" outcome="completed" pane_id=2 status="ExitStatus { code: 1, signal: None }"
2026-07-10T05:19:39.287342Z  INFO herdr::pane: pane session terminated pane=2 pid=85713 signal=Hangup
2026-07-10T05:19:39.288137Z  INFO herdr::logging: pane child exited event="pane.exit" subsystem="pane" outcome="completed" pane_id=3 status="ExitStatus { code: 1, signal: None }"
2026-07-10T05:19:39.329527Z  INFO herdr::pane: pane session terminated pane=3 pid=85952 signal=Hangup
2026-07-10T05:19:39.330043Z  INFO herdr::logging: herdr exiting event="app.shutdown" subsystem="server" outcome="completed" pid=85533
